[debug] [2018-04-02T12:44:04.545Z] ----------------------------------------------------------------------
[debug] [2018-04-02T12:44:04.547Z] Command:       C:\Program Files\nodejs\node.exe C:\Users\Gabriel\scoop\apps\nodejs\current\bin\node_modules\firebase-tools\bin\firebase deploy --only functions:pegarTudoTrimestre
[debug] [2018-04-02T12:44:04.548Z] CLI Version:   3.17.7
[debug] [2018-04-02T12:44:04.548Z] Platform:      win32
[debug] [2018-04-02T12:44:04.548Z] Node Version:  v9.5.0
[debug] [2018-04-02T12:44:04.548Z] Time:          Mon Apr 02 2018 09:44:04 GMT-0300 (Hora oficial do Brasil)
[debug] [2018-04-02T12:44:04.548Z] ----------------------------------------------------------------------
[debug] 
[debug] [2018-04-02T12:44:04.561Z] > command requires scopes: ["email","openid","https://www.googleapis.com/auth/cloudplatformprojects.readonly","https://www.googleapis.com/auth/firebase","https://www.googleapis.com/auth/cloud-platform"]
[debug] [2018-04-02T12:44:04.562Z] > authorizing via signed-in user
[debug] [2018-04-02T12:44:04.565Z] >>> HTTP REQUEST GET https://admin.firebase.com/v1/projects/danfy-4d504  
  
 Mon Apr 02 2018 09:44:04 GMT-0300 (Hora oficial do Brasil)
[debug] [2018-04-02T12:44:05.563Z] <<< HTTP RESPONSE 200
[debug] [2018-04-02T12:44:05.564Z] >>> HTTP REQUEST GET https://admin.firebase.com/v1/database/danfy-4d504/tokens  
  
 Mon Apr 02 2018 09:44:05 GMT-0300 (Hora oficial do Brasil)
[debug] [2018-04-02T12:44:06.274Z] <<< HTTP RESPONSE 200
[info] 
[info] === Deploying to 'danfy-4d504'...
[info] 
[info] i  deploying functions
[info] +  functions: Finished running predeploy script.
[debug] [2018-04-02T12:44:07.533Z] > [functions] package.json contents: {
  "name": "functions",
  "description": "Cloud Functions for Firebase",
  "scripts": {
    "lint": "./node_modules/.bin/eslint .",
    "serve": "firebase serve --only functions",
    "shell": "firebase experimental:functions:shell",
    "start": "npm run shell",
    "deploy": "firebase deploy --only functions",
    "logs": "firebase functions:log"
  },
  "dependencies": {
    "@babel/runtime": "^7.0.0-beta.39",
    "babel-runtime": "^6.26.0",
    "cors": "^2.8.4",
    "firebase-admin": "~5.8.1",
    "firebase-functions": "^0.8.1",
    "lodash": "^4.17.5"
  },
  "devDependencies": {
    "@babel/cli": "^7.0.0-beta.39",
    "@babel/core": "^7.0.0-beta.39",
    "@babel/plugin-transform-runtime": "^7.0.0-beta.39",
    "@babel/preset-env": "^7.0.0-beta.39",
    "@babel/preset-es2015": "^7.0.0-beta.39",
    "babel-loader": "^8.0.0-beta.0",
    "eslint": "^4.12.0",
    "eslint-plugin-promise": "^3.6.0",
    "webpack": "^4.0.0",
    "webpack-cli": "^2.0.9"
  },
  "private": true
}
[info] i  functions: ensuring necessary APIs are enabled...
[debug] [2018-04-02T12:44:07.535Z] >>> HTTP REQUEST GET https://servicemanagement.googleapis.com/v1/services/cloudfunctions.googleapis.com/projectSettings/danfy-4d504?view=CONSUMER_VIEW  
  
 Mon Apr 02 2018 09:44:07 GMT-0300 (Hora oficial do Brasil)
[debug] [2018-04-02T12:44:07.536Z] >>> HTTP REQUEST GET https://servicemanagement.googleapis.com/v1/services/runtimeconfig.googleapis.com/projectSettings/danfy-4d504?view=CONSUMER_VIEW  
  
 Mon Apr 02 2018 09:44:07 GMT-0300 (Hora oficial do Brasil)
[debug] [2018-04-02T12:44:09.230Z] <<< HTTP RESPONSE 200
[info] +  functions: all necessary APIs are enabled
[debug] [2018-04-02T12:44:09.233Z] <<< HTTP RESPONSE 200
[debug] [2018-04-02T12:44:09.233Z] >>> HTTP REQUEST GET https://cloudresourcemanager.googleapis.com/v1/projects/danfy-4d504  
  
 Mon Apr 02 2018 09:44:09 GMT-0300 (Hora oficial do Brasil)
[debug] [2018-04-02T12:44:10.429Z] <<< HTTP RESPONSE 200
[debug] [2018-04-02T12:44:10.429Z] >>> HTTP REQUEST GET https://mobilesdk-pa.googleapis.com/v1/projects/979812955533:getServerAppConfig  
  
 Mon Apr 02 2018 09:44:10 GMT-0300 (Hora oficial do Brasil)
[debug] [2018-04-02T12:44:11.299Z] <<< HTTP RESPONSE 200
[info] i  functions: preparing functions directory for uploading...
[debug] [2018-04-02T12:44:11.302Z] >>> HTTP REQUEST GET https://runtimeconfig.googleapis.com/v1beta1/projects/danfy-4d504/configs  
  
 Mon Apr 02 2018 09:44:11 GMT-0300 (Hora oficial do Brasil)
[debug] [2018-04-02T12:44:12.010Z] <<< HTTP RESPONSE 200
[info] i  functions: packaged functions (71.01 KB) for uploading
[debug] [2018-04-02T12:44:12.756Z] >>> HTTP REQUEST POST https://cloudfunctions.googleapis.com/v1/projects/danfy-4d504/locations/us-central1/functions:generateUploadUrl  
  
 Mon Apr 02 2018 09:44:12 GMT-0300 (Hora oficial do Brasil)
[debug] [2018-04-02T12:44:14.526Z] <<< HTTP RESPONSE 200
[debug] [2018-04-02T12:44:14.526Z] >>> HTTP REQUEST PUT https://storage.googleapis.com/gcf-upload-us-central1-30ec55ee-379e-437c-883c-b8b60b13ab6a/be74da20-a535-4ec3-a49c-7534fff8032f.zip?GoogleAccessId=979812955533@cloudservices.gserviceaccount.com&Expires=1522674838&Signature=gPQ6UjSy2IGttXWKsr6DtgBtUmESGnYCLzd33HPEINqKGJLvO19ta7MuyYtKJ23oC8njfueeBZUvS20IiSfEfWFlCFG8Dim1pZ5rUA7jucE%2BssEa0YgZPx8RDkvDyRZNTVWzvEMZkgWpb1afQFuY9Bg9yy%2BjhcoU5C8da7y%2BRdoGuRMTILR67S86tbTCNcfFKU4RxMKP6jEWG7RSDYmuyqHnqfKcL0Ytej%2BP0rJiQOJCvzn8seDTBWgVd0ILoMV0Y5496vuSgoi8I9zYDDFMEfODuz0Ma0Wa%2FmiJQk%2Bd8867pOZspzvhrlqej5O78MGF7CXsFZLcXjt2oIuNfk4bKg%3D%3D  
 ReadStream {
  _readableState: 
   ReadableState {
     objectMode: false,
     highWaterMark: 65536,
     buffer: BufferList { head: [Object], tail: [Object], length: 1 },
     length: 65536,
     pipes: null,
     pipesCount: 0,
     flowing: null,
     ended: false,
     endEmitted: false,
     reading: false,
     sync: false,
     needReadable: false,
     emittedReadable: true,
     readableListening: false,
     resumeScheduled: false,
     destroyed: false,
     defaultEncoding: 'utf8',
     awaitDrain: 0,
     readingMore: false,
     decoder: null,
     encoding: null },
  readable: true,
  domain: null,
  _events: { end: [Function] },
  _eventsCount: 1,
  _maxListeners: undefined,
  path: 'C:\\Users\\Gabriel\\AppData\\Local\\Temp\\firebase-functions-12324zwecW3w1B9Uq.zip',
  fd: 5,
  flags: 'r',
  mode: 438,
  start: 0,
  end: Infinity,
  autoClose: true,
  pos: 65536,
  bytesRead: 65536,
  closed: false } 
 Mon Apr 02 2018 09:44:14 GMT-0300 (Hora oficial do Brasil)
[debug] [2018-04-02T12:44:15.211Z] <<< HTTP RESPONSE 200
[info] +  functions: functions folder uploaded successfully
[debug] [2018-04-02T12:44:15.214Z] >>> HTTP REQUEST GET https://cloudfunctions.googleapis.com/v1/projects/danfy-4d504/locations/us-central1/functions  
  
 Mon Apr 02 2018 09:44:15 GMT-0300 (Hora oficial do Brasil)
[debug] [2018-04-02T12:44:16.415Z] <<< HTTP RESPONSE 200
[debug] [2018-04-02T12:44:16.416Z] > [functions] filtering triggers to: [
  "pegarTudoTrimestre"
]
[info] i  functions: current functions in project: gerarMovimentos, pegarNotaProduto, pegarTudoTrimestre
[info] i  functions: uploading functions in project: pegarTudoTrimestre
[info] i  functions: updating function pegarTudoTrimestre...
[debug] [2018-04-02T12:44:16.429Z] Trigger is:  {"httpsTrigger":{}}
[debug] [2018-04-02T12:44:16.431Z] >>> HTTP REQUEST PATCH https://cloudfunctions.googleapis.com/v1/projects/danfy-4d504/locations/us-central1/functions/pegarTudoTrimestre 
query params: {"updateMask":"sourceUploadUrl,name,labels,httpsTrigger"} 
 { sourceUploadUrl: 'https://storage.googleapis.com/gcf-upload-us-central1-30ec55ee-379e-437c-883c-b8b60b13ab6a/be74da20-a535-4ec3-a49c-7534fff8032f.zip?GoogleAccessId=979812955533@cloudservices.gserviceaccount.com&Expires=1522674838&Signature=gPQ6UjSy2IGttXWKsr6DtgBtUmESGnYCLzd33HPEINqKGJLvO19ta7MuyYtKJ23oC8njfueeBZUvS20IiSfEfWFlCFG8Dim1pZ5rUA7jucE%2BssEa0YgZPx8RDkvDyRZNTVWzvEMZkgWpb1afQFuY9Bg9yy%2BjhcoU5C8da7y%2BRdoGuRMTILR67S86tbTCNcfFKU4RxMKP6jEWG7RSDYmuyqHnqfKcL0Ytej%2BP0rJiQOJCvzn8seDTBWgVd0ILoMV0Y5496vuSgoi8I9zYDDFMEfODuz0Ma0Wa%2FmiJQk%2Bd8867pOZspzvhrlqej5O78MGF7CXsFZLcXjt2oIuNfk4bKg%3D%3D',
  name: 'projects/danfy-4d504/locations/us-central1/functions/pegarTudoTrimestre',
  labels: { 'deployment-tool': 'cli-firebase' },
  httpsTrigger: {} } 
 Mon Apr 02 2018 09:44:16 GMT-0300 (Hora oficial do Brasil)
[debug] [2018-04-02T12:44:17.648Z] <<< HTTP RESPONSE 200
[debug] [2018-04-02T12:44:17.650Z] >>> HTTP REQUEST GET https://cloudfunctions.googleapis.com/v1/projects/danfy-4d504/locations/us-central1/functions  
  
 Mon Apr 02 2018 09:44:17 GMT-0300 (Hora oficial do Brasil)
[debug] [2018-04-02T12:44:18.838Z] <<< HTTP RESPONSE 200
[debug] [2018-04-02T12:44:18.839Z] >>> HTTP REQUEST GET https://cloudfunctions.googleapis.com/v1/operations/ZGFuZnktNGQ1MDQvdXMtY2VudHJhbDEvcGVnYXJUdWRvVHJpbWVzdHJlLzdhWnl3RC1BN0hN  
  
 Mon Apr 02 2018 09:44:18 GMT-0300 (Hora oficial do Brasil)
[debug] [2018-04-02T12:44:20.012Z] <<< HTTP RESPONSE 200
[debug] [2018-04-02T12:44:22.013Z] >>> HTTP REQUEST GET https://cloudfunctions.googleapis.com/v1/operations/ZGFuZnktNGQ1MDQvdXMtY2VudHJhbDEvcGVnYXJUdWRvVHJpbWVzdHJlLzdhWnl3RC1BN0hN  
  
 Mon Apr 02 2018 09:44:22 GMT-0300 (Hora oficial do Brasil)
[debug] [2018-04-02T12:44:23.188Z] <<< HTTP RESPONSE 200
